c:\users\guic1203\desktop\sfml-main\engineexo\engineexo\x64\debug\assetdatabase.obj
c:\users\guic1203\desktop\sfml-main\engineexo\engineexo\x64\debug\boolean.obj
c:\users\guic1203\desktop\sfml-main\engineexo\engineexo\x64\debug\component.obj
c:\users\guic1203\desktop\sfml-main\engineexo\engineexo\x64\debug\console.obj
c:\users\guic1203\desktop\sfml-main\engineexo\engineexo\x64\debug\double.obj
c:\users\guic1203\desktop\sfml-main\engineexo\engineexo\x64\debug\doubletest.obj
c:\users\guic1203\desktop\sfml-main\engineexo\engineexo\x64\debug\exception.obj
c:\users\guic1203\desktop\sfml-main\engineexo\engineexo\x64\debug\fieldinfo.obj
c:\users\guic1203\desktop\sfml-main\engineexo\engineexo\x64\debug\float.obj
c:\users\guic1203\desktop\sfml-main\engineexo\engineexo\x64\debug\floattest.obj
c:\users\guic1203\desktop\sfml-main\engineexo\engineexo\x64\debug\function.obj
c:\users\guic1203\desktop\sfml-main\engineexo\engineexo\x64\debug\integer.obj
c:\users\guic1203\desktop\sfml-main\engineexo\engineexo\x64\debug\integertest.obj
c:\users\guic1203\desktop\sfml-main\engineexo\engineexo\x64\debug\listtest.obj
c:\users\guic1203\desktop\sfml-main\engineexo\engineexo\x64\debug\object.obj
c:\users\guic1203\desktop\sfml-main\engineexo\engineexo\x64\debug\parameterinfo.obj
c:\users\guic1203\desktop\sfml-main\engineexo\engineexo\x64\debug\reflectiontest.obj
c:\users\guic1203\desktop\sfml-main\engineexo\engineexo\x64\debug\reflectionutils.obj
c:\users\guic1203\desktop\sfml-main\engineexo\engineexo\x64\debug\selection.obj
c:\users\guic1203\desktop\sfml-main\engineexo\engineexo\x64\debug\string.obj
c:\users\guic1203\desktop\sfml-main\engineexo\engineexo\x64\debug\valuetype.obj
c:\users\guic1203\desktop\sfml-main\engineexo\engineexo\x64\debug\vc143.idb
c:\users\guic1203\desktop\sfml-main\engineexo\engineexo\x64\debug\vc143.pdb
c:\users\guic1203\desktop\sfml-main\engineexo\engineexo\x64\debug\engineexo.tlog\cl.command.1.tlog
