  Editor.cpp
C:\Users\GUIC1203\source\repos\Objectif_3D_P1\Cours\Cours_Thomas\Cours\EngineExo\EngineExo\Engine\Editor\Editor.cpp(39,78): error C2027: use of undefined type 'Engine::Reflection::FieldInfo'
C:\Users\GUIC1203\source\repos\Objectif_3D_P1\Cours\Cours_Thomas\Cours\EngineExo\EngineExo\Engine\Object\Object.h(55): message : see declaration of 'Engine::Reflection::FieldInfo'
C:\Users\GUIC1203\source\repos\Objectif_3D_P1\Cours\Cours_Thomas\Cours\EngineExo\EngineExo\Engine\Editor\Editor.cpp(68,16): error C2027: use of undefined type 'Engine::Reflection::FieldInfo'
C:\Users\GUIC1203\source\repos\Objectif_3D_P1\Cours\Cours_Thomas\Cours\EngineExo\EngineExo\Engine\Object\Object.h(55): message : see declaration of 'Engine::Reflection::FieldInfo'
C:\Users\GUIC1203\source\repos\Objectif_3D_P1\Cours\Cours_Thomas\Cours\EngineExo\EngineExo\Engine\Editor\Editor.cpp(70,29): error C2440: 'type cast': cannot convert from 'Engine::Editor::EValueType' to 'int'
C:\Users\GUIC1203\source\repos\Objectif_3D_P1\Cours\Cours_Thomas\Cours\EngineExo\EngineExo\Engine\Editor\Editor.cpp(70,26): message : This conversion requires an explicit cast (static_cast, C-style cast or parenthesized function-style cast)
C:\Users\GUIC1203\source\repos\Objectif_3D_P1\Cours\Cours_Thomas\Cours\EngineExo\EngineExo\Engine\Editor\Editor.cpp(70,9): error C2046: illegal case
C:\Users\GUIC1203\source\repos\Objectif_3D_P1\Cours\Cours_Thomas\Cours\EngineExo\EngineExo\Engine\Editor\Editor.cpp(71,31): error C2440: 'type cast': cannot convert from 'Engine::Editor::EValueType' to 'int'
C:\Users\GUIC1203\source\repos\Objectif_3D_P1\Cours\Cours_Thomas\Cours\EngineExo\EngineExo\Engine\Editor\Editor.cpp(71,26): message : This conversion requires an explicit cast (static_cast, C-style cast or parenthesized function-style cast)
C:\Users\GUIC1203\source\repos\Objectif_3D_P1\Cours\Cours_Thomas\Cours\EngineExo\EngineExo\Engine\Editor\Editor.cpp(71,9): error C2046: illegal case
C:\Users\GUIC1203\source\repos\Objectif_3D_P1\Cours\Cours_Thomas\Cours\EngineExo\EngineExo\Engine\Editor\Editor.cpp(72,32): error C2440: 'type cast': cannot convert from 'Engine::Editor::EValueType' to 'int'
C:\Users\GUIC1203\source\repos\Objectif_3D_P1\Cours\Cours_Thomas\Cours\EngineExo\EngineExo\Engine\Editor\Editor.cpp(72,26): message : This conversion requires an explicit cast (static_cast, C-style cast or parenthesized function-style cast)
C:\Users\GUIC1203\source\repos\Objectif_3D_P1\Cours\Cours_Thomas\Cours\EngineExo\EngineExo\Engine\Editor\Editor.cpp(72,9): error C2046: illegal case
C:\Users\GUIC1203\source\repos\Objectif_3D_P1\Cours\Cours_Thomas\Cours\EngineExo\EngineExo\Engine\Editor\Editor.cpp(73,30): error C2440: 'type cast': cannot convert from 'Engine::Editor::EValueType' to 'int'
C:\Users\GUIC1203\source\repos\Objectif_3D_P1\Cours\Cours_Thomas\Cours\EngineExo\EngineExo\Engine\Editor\Editor.cpp(73,26): message : This conversion requires an explicit cast (static_cast, C-style cast or parenthesized function-style cast)
C:\Users\GUIC1203\source\repos\Objectif_3D_P1\Cours\Cours_Thomas\Cours\EngineExo\EngineExo\Engine\Editor\Editor.cpp(73,9): error C2046: illegal case
C:\Users\GUIC1203\source\repos\Objectif_3D_P1\Cours\Cours_Thomas\Cours\EngineExo\EngineExo\Engine\Editor\Editor.cpp(78,32): error C2440: 'type cast': cannot convert from 'Engine::Editor::EValueType' to 'int'
C:\Users\GUIC1203\source\repos\Objectif_3D_P1\Cours\Cours_Thomas\Cours\EngineExo\EngineExo\Engine\Editor\Editor.cpp(78,26): message : This conversion requires an explicit cast (static_cast, C-style cast or parenthesized function-style cast)
C:\Users\GUIC1203\source\repos\Objectif_3D_P1\Cours\Cours_Thomas\Cours\EngineExo\EngineExo\Engine\Editor\Editor.cpp(78,9): error C2046: illegal case
C:\Users\GUIC1203\source\repos\Objectif_3D_P1\Cours\Cours_Thomas\Cours\EngineExo\EngineExo\Engine\Editor\Editor.cpp(80,84): error C2027: use of undefined type 'Engine::Reflection::FieldInfo'
C:\Users\GUIC1203\source\repos\Objectif_3D_P1\Cours\Cours_Thomas\Cours\EngineExo\EngineExo\Engine\Object\Object.h(55): message : see declaration of 'Engine::Reflection::FieldInfo'
C:\Users\GUIC1203\source\repos\Objectif_3D_P1\Cours\Cours_Thomas\Cours\EngineExo\EngineExo\Engine\Editor\Editor.cpp(86,30): error C2440: 'type cast': cannot convert from 'Engine::Editor::EValueType' to 'int'
C:\Users\GUIC1203\source\repos\Objectif_3D_P1\Cours\Cours_Thomas\Cours\EngineExo\EngineExo\Engine\Editor\Editor.cpp(86,26): message : This conversion requires an explicit cast (static_cast, C-style cast or parenthesized function-style cast)
C:\Users\GUIC1203\source\repos\Objectif_3D_P1\Cours\Cours_Thomas\Cours\EngineExo\EngineExo\Engine\Editor\Editor.cpp(86,9): error C2046: illegal case
C:\Users\GUIC1203\source\repos\Objectif_3D_P1\Cours\Cours_Thomas\Cours\EngineExo\EngineExo\Engine\Editor\Editor.cpp(88,81): error C2027: use of undefined type 'Engine::Reflection::FieldInfo'
C:\Users\GUIC1203\source\repos\Objectif_3D_P1\Cours\Cours_Thomas\Cours\EngineExo\EngineExo\Engine\Object\Object.h(55): message : see declaration of 'Engine::Reflection::FieldInfo'
C:\Users\GUIC1203\source\repos\Objectif_3D_P1\Cours\Cours_Thomas\Cours\EngineExo\EngineExo\Engine\Editor\Editor.cpp(91,75): error C2039: '[]': is not a member of 'Engine::PrimaryType::IList'
C:\Users\GUIC1203\source\repos\Objectif_3D_P1\Cours\Cours_Thomas\Cours\EngineExo\EngineExo\Engine\PrimaryType\List\IList.h(7): message : see declaration of 'Engine::PrimaryType::IList'
C:\Users\GUIC1203\source\repos\Objectif_3D_P1\Cours\Cours_Thomas\Cours\EngineExo\EngineExo\Engine\Editor\Editor.cpp(92,47): error C2664: 'void Engine::Editor::Editor::DisplayProperties(const Engine::Reflection::FieldInfo *)': cannot convert argument 1 from 'std::vector<Engine::Reflection::FieldInfo *,std::allocator<Engine::Reflection::FieldInfo *>>' to 'const Engine::Reflection::FieldInfo *'
C:\Users\GUIC1203\source\repos\Objectif_3D_P1\Cours\Cours_Thomas\Cours\EngineExo\EngineExo\Engine\Editor\Editor.cpp(92,35): message : No user-defined-conversion operator available that can perform this conversion, or the operator cannot be called
C:\Users\GUIC1203\source\repos\Objectif_3D_P1\Cours\Cours_Thomas\Cours\EngineExo\EngineExo\Engine\Editor\Editor.cpp(34,30): message : see declaration of 'Engine::Editor::Editor::DisplayProperties'
C:\Users\GUIC1203\source\repos\Objectif_3D_P1\Cours\Cours_Thomas\Cours\EngineExo\EngineExo\Engine\Editor\Editor.cpp(96,32): error C2440: 'type cast': cannot convert from 'Engine::Editor::EValueType' to 'int'
C:\Users\GUIC1203\source\repos\Objectif_3D_P1\Cours\Cours_Thomas\Cours\EngineExo\EngineExo\Engine\Editor\Editor.cpp(96,26): message : This conversion requires an explicit cast (static_cast, C-style cast or parenthesized function-style cast)
C:\Users\GUIC1203\source\repos\Objectif_3D_P1\Cours\Cours_Thomas\Cours\EngineExo\EngineExo\Engine\Editor\Editor.cpp(96,9): error C2046: illegal case
C:\Users\GUIC1203\source\repos\Objectif_3D_P1\Cours\Cours_Thomas\Cours\EngineExo\EngineExo\Engine\Editor\Editor.cpp(97,32): error C2440: 'type cast': cannot convert from 'Engine::Editor::EValueType' to 'int'
C:\Users\GUIC1203\source\repos\Objectif_3D_P1\Cours\Cours_Thomas\Cours\EngineExo\EngineExo\Engine\Editor\Editor.cpp(97,26): message : This conversion requires an explicit cast (static_cast, C-style cast or parenthesized function-style cast)
C:\Users\GUIC1203\source\repos\Objectif_3D_P1\Cours\Cours_Thomas\Cours\EngineExo\EngineExo\Engine\Editor\Editor.cpp(97,9): error C2046: illegal case
  AssetButton.cpp
C:\Users\GUIC1203\source\repos\Objectif_3D_P1\Cours\Cours_Thomas\Cours\EngineExo\EngineExo\Engine\UI\AssetButton\AssetButton.cpp(16,22): error C2664: 'void sf::Text::setFont(const sf::Font &)': cannot convert argument 1 from 'const char [6]' to 'const sf::Font &'
C:\Users\GUIC1203\source\repos\Objectif_3D_P1\Cours\Cours_Thomas\Cours\EngineExo\EngineExo\Engine\UI\AssetButton\AssetButton.cpp(16,22): message : Reason: cannot convert from 'const char [6]' to 'const sf::Font'
C:\Users\GUIC1203\source\repos\Objectif_3D_P1\Cours\Cours_Thomas\Cours\EngineExo\EngineExo\Engine\UI\AssetButton\AssetButton.cpp(16,22): message : No constructor could take the source type, or constructor overload resolution was ambiguous
C:\Users\GUIC1203\source\repos\Objectif_3D_P1\Cours\Cours_Thomas\Cours\EngineExo\Lib\include\SFML\Graphics\Text.hpp(126,10): message : see declaration of 'sf::Text::setFont'
  AssetWindow.cpp
C:\Users\GUIC1203\source\repos\Objectif_3D_P1\Cours\Cours_Thomas\Cours\EngineExo\EngineExo\Engine\AssetDataBase\AssetDataBase.h(12,70): error C2864: 'Engine::AssetDataBase::AllObjectPath': a static data member with an in-class initializer must have non-volatile const integral type or be specified as 'inline'
C:\Users\GUIC1203\source\repos\Objectif_3D_P1\Cours\Cours_Thomas\Cours\EngineExo\EngineExo\Engine\AssetDataBase\AssetDataBase.h(12,70): message : type is 'std::vector<Engine::Object *,std::allocator<Engine::Object *>>'
C:\Users\GUIC1203\source\repos\Objectif_3D_P1\Cours\Cours_Thomas\Cours\EngineExo\EngineExo\Engine\Editor\Asset\AssetWindow.cpp(12,109): warning C4244: 'argument': conversion from 'int' to 'float', possible loss of data
C:\Users\GUIC1203\source\repos\Objectif_3D_P1\Cours\Cours_Thomas\Cours\EngineExo\EngineExo\Engine\Editor\Asset\AssetWindow.cpp(14,89): warning C4244: 'argument': conversion from 'int' to 'float', possible loss of data
C:\Users\GUIC1203\source\repos\Objectif_3D_P1\Cours\Cours_Thomas\Cours\EngineExo\EngineExo\Engine\Editor\Asset\AssetWindow.cpp(23,82): warning C4244: 'argument': conversion from 'int' to 'float', possible loss of data
C:\Users\GUIC1203\source\repos\Objectif_3D_P1\Cours\Cours_Thomas\Cours\EngineExo\EngineExo\Engine\Editor\Asset\AssetWindow.cpp(27,10): error C2672: 'Engine::UI::AssetButton::AddListener': no matching overloaded function found
C:\Users\GUIC1203\source\repos\Objectif_3D_P1\Cours\Cours_Thomas\Cours\EngineExo\EngineExo\Engine\Editor\Asset\AssetWindow.cpp(27,71): error C2784: 'void Engine::UI::AssetButton::AddListener(Class *,void (__cdecl Class::* )(Engine::Object *))': could not deduce template argument for 'void (__cdecl Class::* )(Engine::Object *)' from 'void (__cdecl *)(Engine::Object *)'
C:\Users\GUIC1203\source\repos\Objectif_3D_P1\Cours\Cours_Thomas\Cours\EngineExo\EngineExo\Engine\UI\AssetButton\AssetButton.h(27): message : see declaration of 'Engine::UI::AssetButton::AddListener'
C:\Users\GUIC1203\source\repos\Objectif_3D_P1\Cours\Cours_Thomas\Cours\EngineExo\EngineExo\Engine\Editor\Asset\AssetWindow.cpp(33,35): error C2601: 'Engine::Editor::AssetWindow::OnOpen': local function definitions are illegal
C:\Users\GUIC1203\source\repos\Objectif_3D_P1\Cours\Cours_Thomas\Cours\EngineExo\EngineExo\Engine\Editor\Asset\AssetWindow.cpp(20): message : this line contains a '{' which has not yet been matched
C:\Users\GUIC1203\source\repos\Objectif_3D_P1\Cours\Cours_Thomas\Cours\EngineExo\EngineExo\Engine\Editor\Asset\AssetWindow.cpp(20): fatal error C1075: '{': no matching token found
  EditorWindow.cpp
  File.cpp
  InspectorWindow.cpp
C:\Users\GUIC1203\source\repos\Objectif_3D_P1\Cours\Cours_Thomas\Cours\EngineExo\EngineExo\Engine\Editor\Inspector\InspectorWindow.cpp(11,59): warning C4244: 'argument': conversion from 'const int' to 'float', possible loss of data
C:\Users\GUIC1203\source\repos\Objectif_3D_P1\Cours\Cours_Thomas\Cours\EngineExo\EngineExo\Engine\Editor\Inspector\InspectorWindow.cpp(13,70): warning C4244: 'argument': conversion from 'int' to 'float', possible loss of data
C:\Users\GUIC1203\source\repos\Objectif_3D_P1\Cours\Cours_Thomas\Cours\EngineExo\EngineExo\Engine\Editor\Inspector\InspectorWindow.cpp(16,33): error C2677: binary '+': no global operator found which takes type 'Engine::PrimaryType::Vector2' (or there is no acceptable conversion)
  AssetDataBase.cpp
C:\Users\GUIC1203\source\repos\Objectif_3D_P1\Cours\Cours_Thomas\Cours\EngineExo\EngineExo\Engine\AssetDataBase\AssetDataBase.h(12,70): error C2864: 'Engine::AssetDataBase::AllObjectPath': a static data member with an in-class initializer must have non-volatile const integral type or be specified as 'inline'
C:\Users\GUIC1203\source\repos\Objectif_3D_P1\Cours\Cours_Thomas\Cours\EngineExo\EngineExo\Engine\AssetDataBase\AssetDataBase.h(12,70): message : type is 'std::vector<Engine::Object *,std::allocator<Engine::Object *>>'
C:\Users\GUIC1203\source\repos\Objectif_3D_P1\Cours\Cours_Thomas\Cours\EngineExo\EngineExo\Engine\AssetDataBase\AssetDataBase.cpp(36,22): error C2039: 'contains': is not a member of 'std::vector<Engine::Object *,std::allocator<Engine::Object *>>'
C:\Users\GUIC1203\source\repos\Objectif_3D_P1\Cours\Cours_Thomas\Cours\EngineExo\EngineExo\Engine\AssetDataBase\AssetDataBase.h(12): message : see declaration of 'std::vector<Engine::Object *,std::allocator<Engine::Object *>>'
C:\Users\GUIC1203\source\repos\Objectif_3D_P1\Cours\Cours_Thomas\Cours\EngineExo\EngineExo\Engine\AssetDataBase\AssetDataBase.cpp(38,65): error C2661: 'std::vector<Engine::Object *,std::allocator<Engine::Object *>>::insert': no overloaded function takes 1 arguments
C:\Users\GUIC1203\source\repos\Objectif_3D_P1\Cours\Cours_Thomas\Cours\EngineExo\EngineExo\Engine\AssetDataBase\AssetDataBase.cpp(45,21): error C2039: 'contains': is not a member of 'std::vector<Engine::Object *,std::allocator<Engine::Object *>>'
C:\Users\GUIC1203\source\repos\Objectif_3D_P1\Cours\Cours_Thomas\Cours\EngineExo\EngineExo\Engine\AssetDataBase\AssetDataBase.h(12): message : see declaration of 'std::vector<Engine::Object *,std::allocator<Engine::Object *>>'
C:\Users\GUIC1203\source\repos\Objectif_3D_P1\Cours\Cours_Thomas\Cours\EngineExo\EngineExo\Engine\AssetDataBase\AssetDataBase.cpp(49,27): error C2679: binary '[': no operator found which takes a right-hand operand of type 'Engine::Object *' (or there is no acceptable conversion)
C:\Program Files\Microsoft Visual Studio\2022\Community\VC\Tools\MSVC\14.32.31326\include\vector(1738,40): message : could be 'const _Ty &std::vector<_Ty,std::allocator<_Ty>>::operator [](const unsigned __int64) noexcept const'
          with
          [
              _Ty=Engine::Object *
          ]
C:\Program Files\Microsoft Visual Studio\2022\Community\VC\Tools\MSVC\14.32.31326\include\vector(1728,34): message : or       '_Ty &std::vector<_Ty,std::allocator<_Ty>>::operator [](const unsigned __int64) noexcept'
          with
          [
              _Ty=Engine::Object *
          ]
C:\Users\GUIC1203\source\repos\Objectif_3D_P1\Cours\Cours_Thomas\Cours\EngineExo\EngineExo\Engine\AssetDataBase\AssetDataBase.cpp(49,27): message : while trying to match the argument list '(std::vector<Engine::Object *,std::allocator<Engine::Object *>>, Engine::Object *)'
  EventSystem.cpp
C:\Users\GUIC1203\source\repos\Objectif_3D_P1\Cours\Cours_Thomas\Cours\EngineExo\EngineExo\Engine\Manager\EventSystem\EventSystem.cpp(89,76): warning C4244: 'argument': conversion from 'const T' to 'T', possible loss of data
          with
          [
              T=int
          ]
          and
          [
              T=float
          ]
C:\Users\GUIC1203\source\repos\Objectif_3D_P1\Cours\Cours_Thomas\Cours\EngineExo\EngineExo\Engine\Manager\EventSystem\EventSystem.cpp(89,63): warning C4244: 'argument': conversion from 'const T' to 'T', possible loss of data
          with
          [
              T=int
          ]
          and
          [
              T=float
          ]
  ReflectionUtils.cpp
  Button.cpp
  EngineWindow.cpp
C:\Users\GUIC1203\source\repos\Objectif_3D_P1\Cours\Cours_Thomas\Cours\EngineExo\EngineExo\Engine\Window\Engine\EngineWindow.cpp(32,10): error C2039: 'addListener': is not a member of 'Engine::UI::Button'
C:\Users\GUIC1203\source\repos\Objectif_3D_P1\Cours\Cours_Thomas\Cours\EngineExo\EngineExo\Engine\UI\Button\Button.h(10): message : see declaration of 'Engine::UI::Button'
  Component.cpp
  GameObjectManager.cpp
  Selection.cpp
  FontManager.cpp
  Slider.cpp
C:\Users\GUIC1203\source\repos\Objectif_3D_P1\Cours\Cours_Thomas\Cours\EngineExo\EngineExo\Engine\UI\Slider\Slider.cpp(20,17): warning C4244: '=': conversion from 'float' to 'int', possible loss of data
C:\Users\GUIC1203\source\repos\Objectif_3D_P1\Cours\Cours_Thomas\Cours\EngineExo\EngineExo\Engine\UI\Slider\Slider.cpp(56,24): warning C4244: '=': conversion from 'float' to 'int', possible loss of data
C:\Users\GUIC1203\source\repos\Objectif_3D_P1\Cours\Cours_Thomas\Cours\EngineExo\EngineExo\Engine\UI\Slider\Slider.cpp(57,24): warning C4244: 'argument': conversion from 'int' to 'float', possible loss of data
  Label.cpp
  JsonTest.cpp
C:\Users\GUIC1203\source\repos\Objectif_3D_P1\Cours\Cours_Thomas\Cours\EngineExo\EngineExo\Test\Reflection\Json\ATest.h(2,10): fatal error C1083: Cannot open include file: '../../Engine/PrimaryType/Integer/Integer.h': No such file or directory
  PlayerComponent.cpp
  ListTest.cpp
  Generating Code...
  Compiling...
  GameObject.cpp
  FieldInfo.cpp
  ParameterInfo.cpp
  Function.cpp
  ReflectionTest.cpp
  DoubleTest.cpp
  Double.cpp
  Console.cpp
  Boolean.cpp
  EngineExo.cpp
C:\Users\GUIC1203\source\repos\Objectif_3D_P1\Cours\Cours_Thomas\Cours\EngineExo\EngineExo\Engine\AssetDataBase\AssetDataBase.h(12,70): error C2864: 'Engine::AssetDataBase::AllObjectPath': a static data member with an in-class initializer must have non-volatile const integral type or be specified as 'inline'
C:\Users\GUIC1203\source\repos\Objectif_3D_P1\Cours\Cours_Thomas\Cours\EngineExo\EngineExo\Engine\AssetDataBase\AssetDataBase.h(12,70): message : type is 'std::vector<Engine::Object *,std::allocator<Engine::Object *>>'
C:\Users\GUIC1203\source\repos\Objectif_3D_P1\Cours\Cours_Thomas\Cours\EngineExo\EngineExo\Test\Reflection\Json\ATest.h(2,10): fatal error C1083: Cannot open include file: '../../Engine/PrimaryType/Integer/Integer.h': No such file or directory
  Object.cpp
  String.cpp
  Integer.cpp
  Exception.cpp
  Float.cpp
  FloatTest.cpp
  IntegerTest.cpp
  Transform.cpp
  Vector2.cpp
  UIElement.cpp
  Generating Code...
  Compiling...
  Toggle.cpp
  TextureManager.cpp
  TextField.cpp
  UUID.cpp
  Generating Code...
