  List.cpp
C:\Users\GUIC1203\source\repos\RPG\List.h(1,9): error C2143: syntax error: missing ';' before 'string'
C:\Users\GUIC1203\source\repos\RPG\List.h(1,9): error C4430: missing type specifier - int assumed. Note: C++ does not support default-int
C:\Users\GUIC1203\source\repos\RPG\List.h(4,1): error C2143: syntax error: missing ';' before '{'
C:\Users\GUIC1203\source\repos\RPG\List.h(4,1): error C2447: '{': missing function header (old-style formal list?)
  RPG.cpp
C:\Users\GUIC1203\source\repos\RPG\List.h(1,9): error C2143: syntax error: missing ';' before 'string'
C:\Users\GUIC1203\source\repos\RPG\List.h(1,9): error C4430: missing type specifier - int assumed. Note: C++ does not support default-int
C:\Users\GUIC1203\source\repos\RPG\List.h(4,1): error C2143: syntax error: missing ';' before '{'
C:\Users\GUIC1203\source\repos\RPG\List.h(4,1): error C2447: '{': missing function header (old-style formal list?)
C:\Users\GUIC1203\source\repos\RPG\RPG.cpp(119,5): error C2065: 'List': undeclared identifier
C:\Users\GUIC1203\source\repos\RPG\RPG.cpp(119,10): error C2146: syntax error: missing ';' before identifier 'list'
C:\Users\GUIC1203\source\repos\RPG\RPG.cpp(119,17): error C3861: 'List': identifier not found
C:\Users\GUIC1203\source\repos\RPG\RPG.cpp(119,15): error C2513: 'list': no variable declared before '='
C:\Users\GUIC1203\source\repos\RPG\RPG.cpp(120,27): error C2143: syntax error: missing ';' before ':'
C:\Users\GUIC1203\source\repos\RPG\RPG.cpp(120,27): error C2143: syntax error: missing ')' before ':'
C:\Users\GUIC1203\source\repos\RPG\RPG.cpp(120,27): error C2059: syntax error: ':'
C:\Users\GUIC1203\source\repos\RPG\RPG.cpp(120,32): error C2059: syntax error: ')'
C:\Users\GUIC1203\source\repos\RPG\RPG.cpp(122,9): warning C4091: '': ignored on left of 'list' when no variable is declared
C:\Users\GUIC1203\source\repos\RPG\RPG.cpp(122,10): error C3861: 'Display': identifier not found
C:\Users\GUIC1203\source\repos\RPG\RPG.cpp(124,18): error C2275: 'list': expected an expression instead of a type
C:\Users\GUIC1203\source\repos\RPG\RPG.cpp(125,18): error C2275: 'list': expected an expression instead of a type
C:\Users\GUIC1203\source\repos\RPG\RPG.cpp(127,9): error C2059: syntax error: '.'
C:\Users\GUIC1203\source\repos\RPG\RPG.cpp(128,9): error C2059: syntax error: '.'
C:\Users\GUIC1203\source\repos\RPG\RPG.cpp(129,9): error C2059: syntax error: '.'
  Generating Code...
