c:\users\guic1203\source\repos\cours\cours thomas\o3dlibrary\o3dlibrary\debug\o3dlibrary.pch
c:\users\guic1203\source\repos\cours\cours thomas\o3dlibrary\o3dlibrary\debug\vc143.pdb
c:\users\guic1203\source\repos\cours\cours thomas\o3dlibrary\o3dlibrary\debug\vc143.idb
c:\users\guic1203\source\repos\cours\cours thomas\o3dlibrary\o3dlibrary\debug\pch.obj
c:\users\guic1203\source\repos\cours\cours thomas\o3dlibrary\o3dlibrary\debug\shape.obj
c:\users\guic1203\source\repos\cours\cours thomas\o3dlibrary\o3dlibrary\debug\rectangleshape.obj
c:\users\guic1203\source\repos\cours\cours thomas\o3dlibrary\o3dlibrary\debug\process.obj
c:\users\guic1203\source\repos\cours\cours thomas\o3dlibrary\o3dlibrary\debug\path.obj
c:\users\guic1203\source\repos\cours\cours thomas\o3dlibrary\o3dlibrary\debug\object.obj
c:\users\guic1203\source\repos\cours\cours thomas\o3dlibrary\o3dlibrary\debug\integer.obj
c:\users\guic1203\source\repos\cours\cours thomas\o3dlibrary\o3dlibrary\debug\fstring.obj
c:\users\guic1203\source\repos\cours\cours thomas\o3dlibrary\o3dlibrary\debug\filestream.obj
c:\users\guic1203\source\repos\cours\cours thomas\o3dlibrary\o3dlibrary\debug\file.obj
c:\users\guic1203\source\repos\cours\cours thomas\o3dlibrary\o3dlibrary\debug\fieldinfo.obj
c:\users\guic1203\source\repos\cours\cours thomas\o3dlibrary\o3dlibrary\debug\exception.obj
c:\users\guic1203\source\repos\cours\cours thomas\o3dlibrary\o3dlibrary\debug\environment.obj
c:\users\guic1203\source\repos\cours\cours thomas\o3dlibrary\o3dlibrary\debug\dllmain.obj
c:\users\guic1203\source\repos\cours\cours thomas\o3dlibrary\o3dlibrary\debug\directory.obj
c:\users\guic1203\source\repos\cours\cours thomas\o3dlibrary\o3dlibrary\debug\datetime.obj
c:\users\guic1203\source\repos\cours\cours thomas\o3dlibrary\o3dlibrary\debug\console.obj
c:\users\guic1203\source\repos\cours\cours thomas\o3dlibrary\o3dlibrary\debug\complexshape.obj
c:\users\guic1203\source\repos\cours\cours thomas\o3dlibrary\o3dlibrary\debug\circleshape.obj
c:\users\guic1203\source\repos\cours\cours thomas\o3dlibrary\o3dlibrary\debug\boxfile.obj
c:\users\guic1203\source\repos\cours\cours thomas\o3dlibrary\o3dlibrary\debug\boolean.obj
c:\users\guic1203\source\repos\cours\cours thomas\o3dlibrary\o3dlibrary\debug\windowmenu.obj
c:\users\guic1203\source\repos\cours\cours thomas\o3dlibrary\o3dlibrary\debug\window.obj
c:\users\guic1203\source\repos\cours\cours thomas\o3dlibrary\o3dlibrary\debug\textwritter.obj
c:\users\guic1203\source\repos\cours\cours thomas\o3dlibrary\o3dlibrary\debug\textreader.obj
c:\users\guic1203\source\repos\cours\cours thomas\o3dlibrary\o3dlibrary\debug\clipboard.obj
c:\users\guic1203\source\repos\cours\cours thomas\o3dlibrary\o3dlibrary\debug\timezone.obj
c:\users\guic1203\source\repos\cours\cours thomas\o3dlibrary\o3dlibrary\debug\webclient.obj
c:\users\guic1203\source\repos\cours\cours thomas\o3dlibrary\o3dlibrary\debug\url.obj
c:\users\guic1203\source\repos\cours\cours thomas\o3dlibrary\debug\o3dlibrary.dll
c:\users\guic1203\source\repos\cours\cours thomas\o3dlibrary\o3dlibrary\debug\o3dlibrary.ilk
c:\users\guic1203\source\repos\cours\cours thomas\o3dlibrary\debug\o3dlibrary.pdb
c:\users\guic1203\source\repos\cours thomas\o3dlibrary\debug\o3dlibrary.lib
c:\users\guic1203\source\repos\cours thomas\o3dlibrary\debug\o3dlibrary.exp
c:\users\guic1203\source\repos\cours\cours thomas\o3dlibrary\debug\o3dlibrary.lib
c:\users\guic1203\source\repos\cours\cours thomas\o3dlibrary\debug\o3dlibrary.exp
c:\users\guic1203\source\repos\cours\cours thomas\o3dlibrary\o3dlibrary\debug\o3dlibrary.obj
c:\users\guic1203\source\repos\cours\cours thomas\o3dlibrary\o3dlibrary\debug\webcallback.obj
c:\users\guic1203\source\repos\cours\cours thomas\o3dlibrary\o3dlibrary\debug\o3dlibrary.tlog\cl.command.1.tlog
c:\users\guic1203\source\repos\cours\cours thomas\o3dlibrary\o3dlibrary\debug\o3dlibrary.tlog\cl.read.1.tlog
c:\users\guic1203\source\repos\cours\cours thomas\o3dlibrary\o3dlibrary\debug\o3dlibrary.tlog\cl.write.1.tlog
c:\users\guic1203\source\repos\cours\cours thomas\o3dlibrary\o3dlibrary\debug\o3dlibrary.tlog\link.command.1.tlog
c:\users\guic1203\source\repos\cours\cours thomas\o3dlibrary\o3dlibrary\debug\o3dlibrary.tlog\link.read.1.tlog
c:\users\guic1203\source\repos\cours\cours thomas\o3dlibrary\o3dlibrary\debug\o3dlibrary.tlog\link.write.1.tlog
c:\users\guic1203\source\repos\cours\cours thomas\o3dlibrary\o3dlibrary\debug\o3dlibrary.tlog\o3dlibrary.write.1u.tlog
