d:\cours\exop1-01-02-2023\exop1-01-02-2023\x64\debug\vc143.pdb
d:\cours\exop1-01-02-2023\exop1-01-02-2023\x64\debug\vc143.idb
d:\cours\exop1-01-02-2023\exop1-01-02-2023\x64\debug\b.obj
d:\cours\exop1-01-02-2023\exop1-01-02-2023\x64\debug\a.obj
d:\cours\exop1-01-02-2023\exop1-01-02-2023\x64\debug\main.obj
c:\users\guic1203\desktop\exop1-01-02-2023\exop1-01-02-2023\x64\debug\vc143.pdb
c:\users\guic1203\desktop\exop1-01-02-2023\exop1-01-02-2023\x64\debug\vc143.idb
c:\users\guic1203\desktop\exop1-01-02-2023\exop1-01-02-2023\x64\debug\main.obj
c:\users\guic1203\desktop\exop1-01-02-2023\exop1-01-02-2023\x64\debug\exop1-01-02-2023.obj
c:\users\guic1203\desktop\exop1-01-02-2023\exop1-01-02-2023\x64\debug\a.obj
d:\cours\exop1-01-02-2023\x64\debug\exop1-01-02-2023.exe
d:\cours\exop1-01-02-2023\exop1-01-02-2023\x64\debug\exop1-01-02-2023.ilk
d:\cours\exop1-01-02-2023\x64\debug\exop1-01-02-2023.pdb
c:\users\guic1203\desktop\exop1-01-02-2023\exop1-01-02-2023\x64\debug\b.obj
c:\users\guic1203\desktop\exop1-01-02-2023\exop1-01-02-2023\x64\debug\exop1-01-02-2023.ilk
c:\users\guic1203\desktop\exop1-01-02-2023\x64\debug\exop1-01-02-2023.pdb
c:\users\guic1203\desktop\exop1-01-02-2023\x64\debug\exop1-01-02-2023.exe
c:\users\guic1203\desktop\exop1-01-02-2023\exop1-01-02-2023\x64\debug\exop1-01-02-2023.tlog\cl.command.1.tlog
c:\users\guic1203\desktop\exop1-01-02-2023\exop1-01-02-2023\x64\debug\exop1-01-02-2023.tlog\cl.read.1.tlog
c:\users\guic1203\desktop\exop1-01-02-2023\exop1-01-02-2023\x64\debug\exop1-01-02-2023.tlog\cl.write.1.tlog
c:\users\guic1203\desktop\exop1-01-02-2023\exop1-01-02-2023\x64\debug\exop1-01-02-2023.tlog\link.command.1.tlog
c:\users\guic1203\desktop\exop1-01-02-2023\exop1-01-02-2023\x64\debug\exop1-01-02-2023.tlog\link.read.1.tlog
c:\users\guic1203\desktop\exop1-01-02-2023\exop1-01-02-2023\x64\debug\exop1-01-02-2023.tlog\link.write.1.tlog
