  LinkedList.cpp
C:\Users\GUIC1203\Desktop\InventoryCorrection\LinkedList\List.h(45,6): error C2065: '_position': undeclared identifier
C:\Users\GUIC1203\Desktop\InventoryCorrection\LinkedList\List.h(45,6): error C3861: '_position': identifier not found
C:\Users\GUIC1203\Desktop\InventoryCorrection\LinkedList\List.h(53,23): error C2065: '_position': undeclared identifier
C:\Users\GUIC1203\Desktop\InventoryCorrection\LinkedList\List.h(53,23): error C3861: '_position': identifier not found
C:\Users\GUIC1203\Desktop\InventoryCorrection\LinkedList\LinkedList.cpp(9,15): error C2664: 'void List<std::string>::Add(const T &)': cannot convert argument 1 from 'int' to 'const T &'
          with
          [
              T=std::string
          ]
C:\Users\GUIC1203\Desktop\InventoryCorrection\LinkedList\LinkedList.cpp(9,15): message : Reason: cannot convert from 'int' to 'const T'
          with
          [
              T=std::string
          ]
C:\Users\GUIC1203\Desktop\InventoryCorrection\LinkedList\LinkedList.cpp(9,15): message : No constructor could take the source type, or constructor overload resolution was ambiguous
C:\Users\GUIC1203\Desktop\InventoryCorrection\LinkedList\List.h(14,7): message : see declaration of 'List<std::string>::Add'
  List.cpp
C:\Users\GUIC1203\Desktop\InventoryCorrection\LinkedList\List.h(45,6): error C2065: '_position': undeclared identifier
C:\Users\GUIC1203\Desktop\InventoryCorrection\LinkedList\List.h(45,6): error C3861: '_position': identifier not found
C:\Users\GUIC1203\Desktop\InventoryCorrection\LinkedList\List.h(53,23): error C2065: '_position': undeclared identifier
C:\Users\GUIC1203\Desktop\InventoryCorrection\LinkedList\List.h(53,23): error C3861: '_position': identifier not found
  Generating Code...
